
> vibe-generated-app@1.0.0 dev
> vite


  VITE v5.4.20  ready in 326 ms

  ➜  Local:   http://localhost:3000/
  ➜  Network: http://172.20.11.18:3000/
6:15:37 AM [vite] Pre-transform error: Transform failed with 1 error:
/home/workspace/src/components/Hero.jsx:11:54: ERROR: Expected ")" but found "as"
6:15:40 AM [vite] Internal server error: Transform failed with 1 error:
/home/workspace/src/components/Hero.jsx:11:54: ERROR: Expected ")" but found "as"
  Plugin: vite:esbuild
  File: /home/workspace/src/components/Hero.jsx:11:54
  
  Expected ")" but found "as"
  9  |    const playEnterChime = () => {
  10 |      try {
  11 |        const ctx = new (window.AudioContext || (window as any).webkitAudioContext)();
     |                                                        ^
  12 |        const o = ctx.createOscillator();
  13 |        const g = ctx.createGain();
  
      at failureErrorWithLog (/home/workspace/node_modules/esbuild/lib/main.js:1472:15)
      at /home/workspace/node_modules/esbuild/lib/main.js:755:50
      at responseCallbacks.<computed> (/home/workspace/node_modules/esbuild/lib/main.js:622:9)
      at handleIncomingPacket (/home/workspace/node_modules/esbuild/lib/main.js:677:12)
      at Socket.readFromStdout (/home/workspace/node_modules/esbuild/lib/main.js:600:7)
      at Socket.emit (node:events:508:28)
      at addChunk (node:internal/streams/readable:559:12)
      at readableAddChunkPushByteMode (node:internal/streams/readable:510:3)
      at Readable.push (node:internal/streams/readable:390:5)
      at Pipe.onStreamRead (node:internal/stream_base_commons:189:23)
